<?xml version="1.0" encoding="UTF-8"?>
<!-- Generated by org.testng.reporters.JUnitReportReporter -->
<testsuite hostname="HDC3-D-514SLSM" failures="1" tests="37" name="digitalFrontDoor.DFDRegressionTestSuite" time="444.759" errors="0" timestamp="23 Apr 2018 11:31:15 GMT">
  <testcase classname="digitalFrontDoor.DFDRegressionTestSuite" name="testCase31" time="0.375"/>
  <testcase classname="digitalFrontDoor.DFDRegressionTestSuite" name="testCase1" time="0.229"/>
  <testcase classname="digitalFrontDoor.DFDRegressionTestSuite" name="testCase11" time="23.672"/>
  <testcase classname="digitalFrontDoor.DFDRegressionTestSuite" name="testCase18" time="1.391"/>
  <testcase classname="digitalFrontDoor.DFDRegressionTestSuite" name="testCase23" time="35.453"/>
  <testcase classname="digitalFrontDoor.DFDRegressionTestSuite" name="testCase17" time="0.046"/>
  <testcase classname="digitalFrontDoor.DFDRegressionTestSuite" name="testCase24" time="17.343"/>
  <testcase classname="digitalFrontDoor.DFDRegressionTestSuite" name="testCase10" time="25.938"/>
  <testcase classname="digitalFrontDoor.DFDRegressionTestSuite" name="testCase27" time="0.088"/>
  <testcase classname="digitalFrontDoor.DFDRegressionTestSuite" name="testCase19" time="4.345"/>
  <testcase classname="digitalFrontDoor.DFDRegressionTestSuite" name="testCase33" time="0.346"/>
  <testcase classname="digitalFrontDoor.DFDRegressionTestSuite" name="testCase9" time="37.306"/>
  <testcase classname="digitalFrontDoor.DFDRegressionTestSuite" name="testCase16" time="1.241"/>
  <testcase classname="digitalFrontDoor.DFDRegressionTestSuite" name="testCase35" time="10.565"/>
  <testcase classname="digitalFrontDoor.DFDRegressionTestSuite" name="testCase22" time="35.473"/>
  <testcase classname="digitalFrontDoor.DFDRegressionTestSuite" name="testCase8" time="29.701"/>
  <testcase classname="digitalFrontDoor.DFDRegressionTestSuite" name="testCase4" time="6.675"/>
  <testcase classname="digitalFrontDoor.DFDRegressionTestSuite" name="testCase30" time="0.776"/>
  <testcase classname="digitalFrontDoor.DFDRegressionTestSuite" name="testCase12" time="23.360"/>
  <testcase classname="digitalFrontDoor.DFDRegressionTestSuite" name="testCase13" time="15.841"/>
  <testcase classname="digitalFrontDoor.DFDRegressionTestSuite" name="testCase6" time="26.465"/>
  <testcase classname="digitalFrontDoor.DFDRegressionTestSuite" name="testCase3" time="7.764"/>
  <testcase classname="digitalFrontDoor.DFDRegressionTestSuite" name="testCase2" time="7.601"/>
  <testcase classname="digitalFrontDoor.DFDRegressionTestSuite" name="testCase25" time="15.302"/>
  <testcase classname="digitalFrontDoor.DFDRegressionTestSuite" name="testCase21" time="66.869"/>
  <testcase classname="digitalFrontDoor.DFDRegressionTestSuite" name="testCase34" time="0.681"/>
  <testcase classname="digitalFrontDoor.DFDRegressionTestSuite" name="testCase26" time="0.089"/>
  <testcase classname="digitalFrontDoor.DFDRegressionTestSuite" name="testCase5" time="0.604"/>
  <testcase classname="digitalFrontDoor.DFDRegressionTestSuite" name="testCase36" time="0.671"/>
  <testcase classname="digitalFrontDoor.DFDRegressionTestSuite" name="testCase7" time="35.688"/>
  <testcase classname="digitalFrontDoor.DFDRegressionTestSuite" name="testCase15" time="1.042"/>
  <testcase classname="digitalFrontDoor.DFDRegressionTestSuite" name="testCase20" time="0.589"/>
  <testcase classname="digitalFrontDoor.DFDRegressionTestSuite" name="testCase29" time="8.055"/>
  <testcase classname="digitalFrontDoor.DFDRegressionTestSuite" name="testCase28" time="0.045"/>
  <testcase classname="digitalFrontDoor.DFDRegressionTestSuite" name="testCase14" time="2.275"/>
  <testcase classname="digitalFrontDoor.DFDRegressionTestSuite" name="testCase32" time="0.808"/>
  <testcase classname="digitalFrontDoor.DFDRegressionTestSuite" name="testCase37" time="0.047">
    <failure message="expected [false] but found [true]" type="java.lang.AssertionError">
      <![CDATA[java.lang.AssertionError: expected [false] but found [true]
	at org.testng.Assert.fail(Assert.java:94)
	at org.testng.Assert.failNotEquals(Assert.java:513)
	at org.testng.Assert.assertFalse(Assert.java:63)
	at org.testng.Assert.assertFalse(Assert.java:73)
	at digitalFrontDoor.DFDRegressionTestSuite.testCase37(DFDRegressionTestSuite.java:1094)
	at java.base/jdk.internal.reflect.NativeMethodAccessorImpl.invoke0(Native Method)
	at java.base/jdk.internal.reflect.NativeMethodAccessorImpl.invoke(Unknown Source)
	at java.base/jdk.internal.reflect.DelegatingMethodAccessorImpl.invoke(Unknown Source)
	at java.base/java.lang.reflect.Method.invoke(Unknown Source)
	at org.testng.internal.MethodInvocationHelper.invokeMethod(MethodInvocationHelper.java:86)
	at org.testng.internal.Invoker.invokeMethod(Invoker.java:643)
	at org.testng.internal.Invoker.invokeTestMethod(Invoker.java:820)
	at org.testng.internal.Invoker.invokeTestMethods(Invoker.java:1128)
	at org.testng.internal.TestMethodWorker.invokeTestMethods(TestMethodWorker.java:129)
	at org.testng.internal.TestMethodWorker.run(TestMethodWorker.java:112)
	at org.testng.TestRunner.privateRun(TestRunner.java:782)
	at org.testng.TestRunner.run(TestRunner.java:632)
	at org.testng.SuiteRunner.runTest(SuiteRunner.java:366)
	at org.testng.SuiteRunner.runSequentially(SuiteRunner.java:361)
	at org.testng.SuiteRunner.privateRun(SuiteRunner.java:319)
	at org.testng.SuiteRunner.run(SuiteRunner.java:268)
	at org.testng.SuiteRunnerWorker.runSuite(SuiteRunnerWorker.java:52)
	at org.testng.SuiteRunnerWorker.run(SuiteRunnerWorker.java:86)
	at org.testng.TestNG.runSuitesSequentially(TestNG.java:1244)
	at org.testng.TestNG.runSuitesLocally(TestNG.java:1169)
	at org.testng.TestNG.run(TestNG.java:1064)
	at org.testng.remote.AbstractRemoteTestNG.run(AbstractRemoteTestNG.java:114)
	at org.testng.remote.RemoteTestNG.initAndRun(RemoteTestNG.java:251)
	at org.testng.remote.RemoteTestNG.main(RemoteTestNG.java:77)
]]>
    </failure>
  </testcase> <!-- testCase37 -->
</testsuite> <!-- digitalFrontDoor.DFDRegressionTestSuite -->
